<?xml version="1.0" encoding="UTF-8"?>
<!-- Generated by org.testng.reporters.JUnitXMLReporter -->
<testsuite hostname="ES-DESKTOP052" name="Default test" tests="6" failures="0" timestamp="23 Mar 2018 21:03:09 GMT" time="49.628" errors="0">
  <testcase name="test_ChkRoleTeam" time="17.338" classname="com.TheatreProject.TestCasesTheatre.TestCaseSearchStaffTheatre"/>
  <testcase name="test_Mandatory_Fields" time="2.85" classname="com.TheatreProject.TestCasesTheatre.TestCaseSearchStaffTheatre"/>
  <testcase name="test_NoRecordFound" time="2.517" classname="com.TheatreProject.TestCasesTheatre.TestCaseSearchStaffTheatre"/>
  <testcase name="test_SearchStaff" time="2.359" classname="com.TheatreProject.TestCasesTheatre.TestCaseSearchStaffTheatre"/>
  <testcase name="test_UnChkRoleTeam" time="9.288" classname="com.TheatreProject.TestCasesTheatre.TestCaseSearchStaffTheatre"/>
  <testcase name="test_ViewButtonSaveNewTeam" time="10.955" classname="com.TheatreProject.TestCasesTheatre.TestCaseSearchStaffTheatre"/>
</testsuite> <!-- Default test -->
